============================= test session starts =============================
platform win32 -- Python 3.12.10, pytest-9.0.2, pluggy-1.6.0 -- D:\GitHub\AutoClickerTyperV2\.venv\Scripts\python.exe
cachedir: .pytest_cache
rootdir: D:\GitHub\AutoClickerTyperV2
collecting ... collected 87 items

tests/test_actions.py::TestSmoothMove::test_smooth_move_raises_action_error_on_exception PASSED [  1%]
tests/test_actions.py::TestSmoothMove::test_smooth_move_success PASSED   [  2%]
tests/test_actions.py::TestApplyRandomOffset::test_offset_stays_within_central_bounds PASSED [  3%]
tests/test_actions.py::TestApplyRandomOffset::test_offset_with_minimal_box PASSED [  4%]
tests/test_actions.py::TestPerformClick::test_perform_click_basic PASSED [  5%]
tests/test_actions.py::TestPerformClick::test_perform_click_failure_raises_action_error PASSED [  6%]
tests/test_actions.py::TestPerformClick::test_perform_click_moverel_called PASSED [  8%]
tests/test_actions.py::TestPerformType::test_perform_type_propagates_action_error_from_click PASSED [  9%]
tests/test_actions.py::TestPerformType::test_perform_type_success PASSED [ 10%]
tests/test_actions.py::TestPerformType::test_perform_type_write_failure_raises_action_error PASSED [ 11%]
tests/test_actions.py::TestPerformShortcut::test_perform_shortcut_failure_raises_action_error PASSED [ 12%]
tests/test_actions.py::TestPerformShortcut::test_perform_shortcut_multi_key PASSED [ 13%]
tests/test_actions.py::TestPerformShortcut::test_perform_shortcut_success PASSED [ 14%]
tests/test_config.py::TestGetBasePath::test_returns_cwd_when_not_frozen PASSED [ 16%]
tests/test_config.py::TestGetBasePath::test_returns_executable_dir_when_frozen PASSED [ 17%]
tests/test_config.py::TestGetResourcePath::test_returns_joined_path_when_not_frozen PASSED [ 18%]
tests/test_config.py::TestGetResourcePath::test_returns_meipass_path_when_frozen PASSED [ 19%]
tests/test_config.py::TestConfigManager::test_bundled_config_fallback PASSED [ 20%]
tests/test_config.py::TestConfigManager::test_get_env_var_bool_false PASSED [ 21%]
tests/test_config.py::TestConfigManager::test_get_env_var_bool_true PASSED [ 22%]
tests/test_config.py::TestConfigManager::test_get_env_var_float PASSED   [ 24%]
tests/test_config.py::TestConfigManager::test_get_env_var_int PASSED     [ 25%]
tests/test_config.py::TestConfigManager::test_get_env_var_string PASSED  [ 26%]
tests/test_config.py::TestConfigManager::test_get_returns_default_for_missing_key PASSED [ 27%]
tests/test_config.py::TestConfigManager::test_get_returns_none_when_no_default PASSED [ 28%]
tests/test_config.py::TestConfigManager::test_load_bad_json_raises_config_error PASSED [ 29%]
tests/test_config.py::TestConfigManager::test_load_config_io_error_raises_config_error PASSED [ 31%]
tests/test_config.py::TestConfigManager::test_load_valid_config_file PASSED [ 32%]
tests/test_config.py::TestConfigManager::test_no_config_file_uses_defaults_and_creates_file PASSED [ 33%]
tests/test_config.py::TestConfigManager::test_save_config_handles_permission_error_gracefully PASSED [ 34%]
tests/test_config.py::TestConfigManager::test_set_persists_value_to_file PASSED [ 35%]
tests/test_logger.py::TestLogger::test_log_action PASSED                 [ 36%]
tests/test_logger.py::TestLogger::test_logger_exists PASSED              [ 37%]
tests/test_logger.py::TestLogger::test_setup_logger PASSED               [ 39%]
tests/test_logger.py::TestLogger::test_setup_logger_file_permission_error PASSED [ 40%]
tests/test_ocr.py::TestCaptureScreen::test_capture_screen_failure_raises_ocr_error PASSED [ 41%]
tests/test_ocr.py::TestCaptureScreen::test_capture_screen_success_full PASSED [ 42%]
tests/test_ocr.py::TestCaptureScreen::test_capture_screen_with_region PASSED [ 43%]
tests/test_ocr.py::TestColorFilters::test_detect_blue_regions_disabled_returns_none PASSED [ 44%]
tests/test_ocr.py::TestColorFilters::test_detect_blue_regions_exception_raises_ocr_error PASSED [ 45%]
tests/test_ocr.py::TestColorFilters::test_detect_blue_regions_success PASSED [ 47%]
tests/test_ocr.py::TestColorFilters::test_detect_neutral_regions_disabled_returns_none PASSED [ 48%]
tests/test_ocr.py::TestColorFilters::test_detect_neutral_regions_exception_returns_none PASSED [ 49%]
tests/test_ocr.py::TestIsOnColoredBackground::test_negative_coordinates_returns_false PASSED [ 50%]
tests/test_ocr.py::TestIsOnColoredBackground::test_none_mask_always_true PASSED [ 51%]
tests/test_ocr.py::TestIsOnColoredBackground::test_out_of_bounds_box_returns_false PASSED [ 52%]
tests/test_ocr.py::TestIsOnColoredBackground::test_overlap_above_threshold_returns_true PASSED [ 54%]
tests/test_ocr.py::TestIsOnColoredBackground::test_overlap_below_threshold_returns_false PASSED [ 55%]
tests/test_ocr.py::TestIsOnColoredBackground::test_zero_size_box_returns_false PASSED [ 56%]
tests/test_ocr.py::TestIsBoxInAppWindow::test_box_partially_overlapping_window PASSED [ 57%]
tests/test_ocr.py::TestIsBoxInAppWindow::test_center_inside_window_returns_true PASSED [ 58%]
tests/test_ocr.py::TestIsBoxInAppWindow::test_center_outside_window_returns_false PASSED [ 59%]
tests/test_ocr.py::TestIsBoxInAppWindow::test_none_app_bounds_returns_false PASSED [ 60%]
tests/test_ocr.py::TestGetTargetRegion::test_exact_match_returns_bounds PASSED [ 62%]
tests/test_ocr.py::TestGetTargetRegion::test_exception_returns_zero_tuple PASSED [ 63%]
tests/test_ocr.py::TestGetTargetRegion::test_no_title_returns_none PASSED [ 64%]
tests/test_ocr.py::TestGetTargetRegion::test_partial_match_fallback PASSED [ 65%]
tests/test_ocr.py::TestGetTargetRegion::test_window_not_found_returns_none PASSED [ 66%]
tests/test_ocr.py::TestProcessTextMatch::test_click_keyword_not_matched_when_keyword_too_long PASSED [ 67%]
tests/test_ocr.py::TestProcessTextMatch::test_exact_click_keyword_match PASSED [ 68%]
tests/test_ocr.py::TestProcessTextMatch::test_no_match_returns_empty_list PASSED [ 70%]
tests/test_ocr.py::TestProcessTextMatch::test_ocr_alias_substitution PASSED [ 71%]
tests/test_ocr.py::TestProcessTextMatch::test_skip_if_in_app_window PASSED [ 72%]
tests/test_ocr.py::TestProcessTextMatch::test_special_char_plus_match PASSED [ 73%]
tests/test_ocr.py::TestProcessTextMatch::test_type_keyword_fuzzy_match PASSED [ 74%]
tests/test_ocr.py::TestProximityMatches::test_both_direction_finds_both_sides PASSED [ 75%]
tests/test_ocr.py::TestProximityMatches::test_different_row_segment_is_skipped PASSED [ 77%]
tests/test_ocr.py::TestProximityMatches::test_duplicate_suppression PASSED [ 78%]
tests/test_ocr.py::TestProximityMatches::test_left_direction_finds_left_neighbor PASSED [ 79%]
tests/test_ocr.py::TestProximityMatches::test_max_distance_filter PASSED [ 80%]
tests/test_ocr.py::TestProximityMatches::test_right_direction_finds_right_neighbor PASSED [ 81%]
tests/test_ocr.py::TestOCRAliases::test_common_aliases_exist PASSED      [ 82%]
tests/test_ocr.py::TestOCRAliases::test_expand_variant_aliases 
tests/test_ocr.py::TestOCRAliases::test_expand_variant_aliases PASSED    [ 83%]
tests/test_verification.py::TestBoxesOverlap::test_custom_threshold_lower PASSED [ 85%]
tests/test_verification.py::TestBoxesOverlap::test_identical_boxes_fully_overlap PASSED [ 86%]
tests/test_verification.py::TestBoxesOverlap::test_malformed_input_returns_false PASSED [ 87%]
tests/test_verification.py::TestBoxesOverlap::test_no_overlap_returns_false PASSED [ 88%]
tests/test_verification.py::TestBoxesOverlap::test_partial_overlap_above_threshold PASSED [ 89%]
tests/test_verification.py::TestBoxesOverlap::test_partial_overlap_below_threshold PASSED [ 90%]
tests/test_verification.py::TestBoxesOverlap::test_small_box_inside_large_box PASSED [ 91%]
tests/test_verification.py::TestBoxesOverlap::test_touching_edges_no_intersection PASSED [ 93%]
tests/test_verification.py::TestBoxesOverlap::test_zero_area_box_returns_false PASSED [ 94%]
tests/test_verification.py::TestVerifyAction::test_verify_action_failure_button_still_present PASSED [ 95%]
tests/test_verification.py::TestVerifyAction::test_verify_action_found_elsewhere_is_success PASSED [ 96%]
tests/test_verification.py::TestVerifyAction::test_verify_action_generic_exception_ignored PASSED [ 97%]
tests/test_verification.py::TestVerifyAction::test_verify_action_ocr_error_ignored PASSED [ 98%]
tests/test_verification.py::TestVerifyAction::test_verify_action_success_button_gone PASSED [100%]

==================== 87 passed, 5 subtests passed in 0.92s ====================
